#
# A fatal error has been detected by the Java Runtime Environment:
#
#  Internal Error (generateOopMap.cpp:2164), pid=1883, tid=1900
#  fatal error: Illegal class file encountered. Try running with -Xverify:all in method main
#
# JRE version: OpenJDK Runtime Environment (11.0.4+11) (build 11.0.4+11-post-Ubuntu-1ubuntu218.04.3)
# Java VM: OpenJDK 64-Bit Server VM (11.0.4+11-post-Ubuntu-1ubuntu218.04.3, mixed mode, sharing, tiered, compressed oops, g1 gc, linux-amd64)
# Core dump will be written. Default location: Core dumps may be processed with "/usr/share/apport/apport %p %s %c %d %P" (or dumping to /home/slot2/eclipse-workspace/Bridge_Labz_Section_C1/core.1883)
#
# If you would like to submit a bug report, please visit:
#   https://bugs.launchpad.net/ubuntu/+source/openjdk-lts
#

---------------  S U M M A R Y ------------

Command Line: -agentlib:jdwp=transport=dt_socket,suspend=y,address=localhost:40435 -javaagent:/home/slot2/.eclipse/360744294_linux_gtk_x86_64/configuration/org.eclipse.osgi/219/0/.cp/lib/javaagent-shaded.jar -Dfile.encoding=UTF-8 com.bridgelabz.arrays.PrimeAnagramRangeTwoDim

Host: Intel(R) Core(TM) i5-4570 CPU @ 3.20GHz, 4 cores, 7G, Ubuntu 18.04.2 LTS
Time: Tue Aug 27 17:13:04 2019 IST elapsed time: 473 seconds (0d 0h 7m 53s)

---------------  T H R E A D  ---------------

Current thread (0x00007faefc16e000):  VMThread "VM Thread" [stack: 0x00007faf00476000,0x00007faf00576000] [id=1900]

Stack: [0x00007faf00476000,0x00007faf00576000],  sp=0x00007faf00573dd0,  free space=1015k
Native frames: (J=compiled Java code, A=aot compiled Java code, j=interpreted, Vv=VM code, C=native code)
V  [libjvm.so+0xde4547]
V  [libjvm.so+0xde515f]
V  [libjvm.so+0x6510ba]
V  [libjvm.so+0x7b72a8]
V  [libjvm.so+0x7b737b]
V  [libjvm.so+0x7b81dd]
V  [libjvm.so+0x7ba476]
V  [libjvm.so+0x7bbf5c]
V  [libjvm.so+0x7beabd]
V  [libjvm.so+0x7bee69]
V  [libjvm.so+0xbac64a]
V  [libjvm.so+0xbacbcb]
V  [libjvm.so+0xb3a9f6]
V  [libjvm.so+0x9d053c]
V  [libjvm.so+0xdeeda8]
V  [libjvm.so+0xdec5e6]
V  [libjvm.so+0xdecaf0]
V  [libjvm.so+0xdecf23]
V  [libjvm.so+0xd7aeea]
V  [libjvm.so+0xbc4a5e]

VM_Operation (0x00007faee444b8a0): GetOrSetLocal, mode: safepoint, requested by thread 0x00007faefc1d5800


---------------  P R O C E S S  ---------------

Threads class SMR info:
_java_thread_list=0x00007faefc26b2c0, length=12, elements={
0x00007faefc013800, 0x00007faefc171000, 0x00007faefc173000, 0x00007faefc178800,
0x00007faefc17a800, 0x00007faefc17c800, 0x00007faefc17e800, 0x00007faefc18c000,
0x00007faefc1d5800, 0x00007faefc1d9000, 0x00007faea8001800, 0x00007faefc26a800
}

Java Threads: ( => current thread )
  0x00007faefc013800 JavaThread "main" [_thread_blocked, id=1891, stack(0x00007faf069ec000,0x00007faf06aed000)]
  0x00007faefc171000 JavaThread "Reference Handler" daemon [_thread_blocked, id=1901, stack(0x00007faf00373000,0x00007faf00474000)]
  0x00007faefc173000 JavaThread "Finalizer" daemon [_thread_blocked, id=1902, stack(0x00007faf00272000,0x00007faf00373000)]
  0x00007faefc178800 JavaThread "Signal Dispatcher" daemon [_thread_blocked, id=1903, stack(0x00007faf00171000,0x00007faf00272000)]
  0x00007faefc17a800 JavaThread "C2 CompilerThread0" daemon [_thread_blocked, id=1904, stack(0x00007faf00070000,0x00007faf00171000)]
  0x00007faefc17c800 JavaThread "C1 CompilerThread0" daemon [_thread_blocked, id=1905, stack(0x00007faee4855000,0x00007faee4956000)]
  0x00007faefc17e800 JavaThread "Sweeper thread" daemon [_thread_blocked, id=1906, stack(0x00007faee4754000,0x00007faee4855000)]
  0x00007faefc18c000 JavaThread "Common-Cleaner" daemon [_thread_blocked, id=1907, stack(0x00007faee4653000,0x00007faee4754000)]
  0x00007faefc1d5800 JavaThread "JDWP Transport Listener: dt_socket" daemon [_thread_blocked, id=1911, stack(0x00007faee434c000,0x00007faee444d000)] _threads_hazard_ptr=0x00007faefc26b2c0
  0x00007faefc1d9000 JavaThread "JDWP Event Helper Thread" daemon [_thread_blocked, id=1912, stack(0x00007faee424b000,0x00007faee434c000)]
  0x00007faea8001800 JavaThread "JDWP Command Reader" daemon [_thread_in_native, id=1913, stack(0x00007faee414a000,0x00007faee424b000)]
  0x00007faefc26a800 JavaThread "Service Thread" daemon [_thread_blocked, id=1916, stack(0x00007faee4049000,0x00007faee414a000)]

Other Threads:
=>0x00007faefc16e000 VMThread "VM Thread" [stack: 0x00007faf00476000,0x00007faf00576000] [id=1900]
  0x00007faefc270800 WatcherThread [stack: 0x00007faed531a000,0x00007faed541a000] [id=1917]
  0x00007faefc02a000 GCTaskThread "GC Thread#0" [stack: 0x00007faf0259d000,0x00007faf0269d000] [id=1893]
  0x00007faefc05b000 ConcurrentGCThread "G1 Main Marker" [stack: 0x00007faf01503000,0x00007faf01603000] [id=1894]
  0x00007faefc05c800 ConcurrentGCThread "G1 Conc#0" [stack: 0x00007faf01401000,0x00007faf01501000] [id=1895]
  0x00007faefc0d5000 ConcurrentGCThread "G1 Refine#0" [stack: 0x00007faf00efb000,0x00007faf00ffb000] [id=1896]
  0x00007faefc0d6800 ConcurrentGCThread "G1 Young RemSet Sampling" [stack: 0x00007faf00df9000,0x00007faf00ef9000] [id=1897]

Threads with active compile tasks:

VM state:at safepoint (normal execution)

VM Mutex/Monitor currently owned by a thread:  ([mutex/lock_event])
[0x00007faefc00f7d0] Threads_lock - owner thread: 0x00007faefc16e000

Heap address: 0x0000000084800000, size: 1976 MB, Compressed Oops mode: 32-bit
Narrow klass base: 0x0000000800000000, Narrow klass shift: 3
Compressed class space size: 1073741824 Address: 0x0000000840000000

Heap:
 garbage-first heap   total 129024K, used 4728K [0x0000000084800000, 0x0000000100000000)
  region size 1024K, 5 young (5120K), 0 survivors (0K)
 Metaspace       used 2711K, capacity 4971K, committed 5120K, reserved 1056768K
  class space    used 242K, capacity 442K, committed 512K, reserved 1048576K
Heap Regions: E=young(eden), S=young(survivor), O=old, HS=humongous(starts), HC=humongous(continues), CS=collection set, F=free, A=archive, TAMS=top-at-mark-start (previous, next)
|   0|0x0000000084800000, 0x0000000084800000, 0x0000000084900000|  0%| F|  |TAMS 0x0000000084800000, 0x0000000084800000| Untracked 
|   1|0x0000000084900000, 0x0000000084900000, 0x0000000084a00000|  0%| F|  |TAMS 0x0000000084900000, 0x0000000084900000| Untracked 
|   2|0x0000000084a00000, 0x0000000084a00000, 0x0000000084b00000|  0%| F|  |TAMS 0x0000000084a00000, 0x0000000084a00000| Untracked 
|   3|0x0000000084b00000, 0x0000000084b00000, 0x0000000084c00000|  0%| F|  |TAMS 0x0000000084b00000, 0x0000000084b00000| Untracked 
|   4|0x0000000084c00000, 0x0000000084c00000, 0x0000000084d00000|  0%| F|  |TAMS 0x0000000084c00000, 0x0000000084c00000| Untracked 
|   5|0x0000000084d00000, 0x0000000084d00000, 0x0000000084e00000|  0%| F|  |TAMS 0x0000000084d00000, 0x0000000084d00000| Untracked 
|   6|0x0000000084e00000, 0x0000000084e00000, 0x0000000084f00000|  0%| F|  |TAMS 0x0000000084e00000, 0x0000000084e00000| Untracked 
|   7|0x0000000084f00000, 0x0000000084f00000, 0x0000000085000000|  0%| F|  |TAMS 0x0000000084f00000, 0x0000000084f00000| Untracked 
|   8|0x0000000085000000, 0x0000000085000000, 0x0000000085100000|  0%| F|  |TAMS 0x0000000085000000, 0x0000000085000000| Untracked 
|   9|0x0000000085100000, 0x0000000085100000, 0x0000000085200000|  0%| F|  |TAMS 0x0000000085100000, 0x0000000085100000| Untracked 
|  10|0x0000000085200000, 0x0000000085200000, 0x0000000085300000|  0%| F|  |TAMS 0x0000000085200000, 0x0000000085200000| Untracked 
|  11|0x0000000085300000, 0x0000000085300000, 0x0000000085400000|  0%| F|  |TAMS 0x0000000085300000, 0x0000000085300000| Untracked 
|  12|0x0000000085400000, 0x0000000085400000, 0x0000000085500000|  0%| F|  |TAMS 0x0000000085400000, 0x0000000085400000| Untracked 
|  13|0x0000000085500000, 0x0000000085500000, 0x0000000085600000|  0%| F|  |TAMS 0x0000000085500000, 0x0000000085500000| Untracked 
|  14|0x0000000085600000, 0x0000000085600000, 0x0000000085700000|  0%| F|  |TAMS 0x0000000085600000, 0x0000000085600000| Untracked 
|  15|0x0000000085700000, 0x0000000085700000, 0x0000000085800000|  0%| F|  |TAMS 0x0000000085700000, 0x0000000085700000| Untracked 
|  16|0x0000000085800000, 0x0000000085800000, 0x0000000085900000|  0%| F|  |TAMS 0x0000000085800000, 0x0000000085800000| Untracked 
|  17|0x0000000085900000, 0x0000000085900000, 0x0000000085a00000|  0%| F|  |TAMS 0x0000000085900000, 0x0000000085900000| Untracked 
|  18|0x0000000085a00000, 0x0000000085a00000, 0x0000000085b00000|  0%| F|  |TAMS 0x0000000085a00000, 0x0000000085a00000| Untracked 
|  19|0x0000000085b00000, 0x0000000085b00000, 0x0000000085c00000|  0%| F|  |TAMS 0x0000000085b00000, 0x0000000085b00000| Untracked 
|  20|0x0000000085c00000, 0x0000000085c00000, 0x0000000085d00000|  0%| F|  |TAMS 0x0000000085c00000, 0x0000000085c00000| Untracked 
|  21|0x0000000085d00000, 0x0000000085d00000, 0x0000000085e00000|  0%| F|  |TAMS 0x0000000085d00000, 0x0000000085d00000| Untracked 
|  22|0x0000000085e00000, 0x0000000085e00000, 0x0000000085f00000|  0%| F|  |TAMS 0x0000000085e00000, 0x0000000085e00000| Untracked 
|  23|0x0000000085f00000, 0x0000000085f00000, 0x0000000086000000|  0%| F|  |TAMS 0x0000000085f00000, 0x0000000085f00000| Untracked 
|  24|0x0000000086000000, 0x0000000086000000, 0x0000000086100000|  0%| F|  |TAMS 0x0000000086000000, 0x0000000086000000| Untracked 
|  25|0x0000000086100000, 0x0000000086100000, 0x0000000086200000|  0%| F|  |TAMS 0x0000000086100000, 0x0000000086100000| Untracked 
|  26|0x0000000086200000, 0x0000000086200000, 0x0000000086300000|  0%| F|  |TAMS 0x0000000086200000, 0x0000000086200000| Untracked 
|  27|0x0000000086300000, 0x0000000086300000, 0x0000000086400000|  0%| F|  |TAMS 0x0000000086300000, 0x0000000086300000| Untracked 
|  28|0x0000000086400000, 0x0000000086400000, 0x0000000086500000|  0%| F|  |TAMS 0x0000000086400000, 0x0000000086400000| Untracked 
|  29|0x0000000086500000, 0x0000000086500000, 0x0000000086600000|  0%| F|  |TAMS 0x0000000086500000, 0x0000000086500000| Untracked 
|  30|0x0000000086600000, 0x0000000086600000, 0x0000000086700000|  0%| F|  |TAMS 0x0000000086600000, 0x0000000086600000| Untracked 
|  31|0x0000000086700000, 0x0000000086700000, 0x0000000086800000|  0%| F|  |TAMS 0x0000000086700000, 0x0000000086700000| Untracked 
|  32|0x0000000086800000, 0x0000000086800000, 0x0000000086900000|  0%| F|  |TAMS 0x0000000086800000, 0x0000000086800000| Untracked 
|  33|0x0000000086900000, 0x0000000086900000, 0x0000000086a00000|  0%| F|  |TAMS 0x0000000086900000, 0x0000000086900000| Untracked 
|  34|0x0000000086a00000, 0x0000000086a00000, 0x0000000086b00000|  0%| F|  |TAMS 0x0000000086a00000, 0x0000000086a00000| Untracked 
|  35|0x0000000086b00000, 0x0000000086b00000, 0x0000000086c00000|  0%| F|  |TAMS 0x0000000086b00000, 0x0000000086b00000| Untracked 
|  36|0x0000000086c00000, 0x0000000086c00000, 0x0000000086d00000|  0%| F|  |TAMS 0x0000000086c00000, 0x0000000086c00000| Untracked 
|  37|0x0000000086d00000, 0x0000000086d00000, 0x0000000086e00000|  0%| F|  |TAMS 0x0000000086d00000, 0x0000000086d00000| Untracked 
|  38|0x0000000086e00000, 0x0000000086e00000, 0x0000000086f00000|  0%| F|  |TAMS 0x0000000086e00000, 0x0000000086e00000| Untracked 
|  39|0x0000000086f00000, 0x0000000086f00000, 0x0000000087000000|  0%| F|  |TAMS 0x0000000086f00000, 0x0000000086f00000| Untracked 
|  40|0x0000000087000000, 0x0000000087000000, 0x0000000087100000|  0%| F|  |TAMS 0x0000000087000000, 0x0000000087000000| Untracked 
|  41|0x0000000087100000, 0x0000000087100000, 0x0000000087200000|  0%| F|  |TAMS 0x0000000087100000, 0x0000000087100000| Untracked 
|  42|0x0000000087200000, 0x0000000087200000, 0x0000000087300000|  0%| F|  |TAMS 0x0000000087200000, 0x0000000087200000| Untracked 
|  43|0x0000000087300000, 0x0000000087300000, 0x0000000087400000|  0%| F|  |TAMS 0x0000000087300000, 0x0000000087300000| Untracked 
|  44|0x0000000087400000, 0x0000000087400000, 0x0000000087500000|  0%| F|  |TAMS 0x0000000087400000, 0x0000000087400000| Untracked 
|  45|0x0000000087500000, 0x0000000087500000, 0x0000000087600000|  0%| F|  |TAMS 0x0000000087500000, 0x0000000087500000| Untracked 
|  46|0x0000000087600000, 0x0000000087600000, 0x0000000087700000|  0%| F|  |TAMS 0x0000000087600000, 0x0000000087600000| Untracked 
|  47|0x0000000087700000, 0x0000000087700000, 0x0000000087800000|  0%| F|  |TAMS 0x0000000087700000, 0x0000000087700000| Untracked 
|  48|0x0000000087800000, 0x0000000087800000, 0x0000000087900000|  0%| F|  |TAMS 0x0000000087800000, 0x0000000087800000| Untracked 
|  49|0x0000000087900000, 0x0000000087900000, 0x0000000087a00000|  0%| F|  |TAMS 0x0000000087900000, 0x0000000087900000| Untracked 
|  50|0x0000000087a00000, 0x0000000087a00000, 0x0000000087b00000|  0%| F|  |TAMS 0x0000000087a00000, 0x0000000087a00000| Untracked 
|  51|0x0000000087b00000, 0x0000000087b00000, 0x0000000087c00000|  0%| F|  |TAMS 0x0000000087b00000, 0x0000000087b00000| Untracked 
|  52|0x0000000087c00000, 0x0000000087c00000, 0x0000000087d00000|  0%| F|  |TAMS 0x0000000087c00000, 0x0000000087c00000| Untracked 
|  53|0x0000000087d00000, 0x0000000087d00000, 0x0000000087e00000|  0%| F|  |TAMS 0x0000000087d00000, 0x0000000087d00000| Untracked 
|  54|0x0000000087e00000, 0x0000000087e00000, 0x0000000087f00000|  0%| F|  |TAMS 0x0000000087e00000, 0x0000000087e00000| Untracked 
|  55|0x0000000087f00000, 0x0000000087f00000, 0x0000000088000000|  0%| F|  |TAMS 0x0000000087f00000, 0x0000000087f00000| Untracked 
|  56|0x0000000088000000, 0x0000000088000000, 0x0000000088100000|  0%| F|  |TAMS 0x0000000088000000, 0x0000000088000000| Untracked 
|  57|0x0000000088100000, 0x0000000088100000, 0x0000000088200000|  0%| F|  |TAMS 0x0000000088100000, 0x0000000088100000| Untracked 
|  58|0x0000000088200000, 0x0000000088200000, 0x0000000088300000|  0%| F|  |TAMS 0x0000000088200000, 0x0000000088200000| Untracked 
|  59|0x0000000088300000, 0x0000000088300000, 0x0000000088400000|  0%| F|  |TAMS 0x0000000088300000, 0x0000000088300000| Untracked 
|  60|0x0000000088400000, 0x0000000088400000, 0x0000000088500000|  0%| F|  |TAMS 0x0000000088400000, 0x0000000088400000| Untracked 
|  61|0x0000000088500000, 0x0000000088500000, 0x0000000088600000|  0%| F|  |TAMS 0x0000000088500000, 0x0000000088500000| Untracked 
|  62|0x0000000088600000, 0x0000000088600000, 0x0000000088700000|  0%| F|  |TAMS 0x0000000088600000, 0x0000000088600000| Untracked 
|  63|0x0000000088700000, 0x0000000088700000, 0x0000000088800000|  0%| F|  |TAMS 0x0000000088700000, 0x0000000088700000| Untracked 
|  64|0x0000000088800000, 0x0000000088800000, 0x0000000088900000|  0%| F|  |TAMS 0x0000000088800000, 0x0000000088800000| Untracked 
|  65|0x0000000088900000, 0x0000000088900000, 0x0000000088a00000|  0%| F|  |TAMS 0x0000000088900000, 0x0000000088900000| Untracked 
|  66|0x0000000088a00000, 0x0000000088a00000, 0x0000000088b00000|  0%| F|  |TAMS 0x0000000088a00000, 0x0000000088a00000| Untracked 
|  67|0x0000000088b00000, 0x0000000088b00000, 0x0000000088c00000|  0%| F|  |TAMS 0x0000000088b00000, 0x0000000088b00000| Untracked 
|  68|0x0000000088c00000, 0x0000000088c00000, 0x0000000088d00000|  0%| F|  |TAMS 0x0000000088c00000, 0x0000000088c00000| Untracked 
|  69|0x0000000088d00000, 0x0000000088d00000, 0x0000000088e00000|  0%| F|  |TAMS 0x0000000088d00000, 0x0000000088d00000| Untracked 
|  70|0x0000000088e00000, 0x0000000088e00000, 0x0000000088f00000|  0%| F|  |TAMS 0x0000000088e00000, 0x0000000088e00000| Untracked 
|  71|0x0000000088f00000, 0x0000000088f00000, 0x0000000089000000|  0%| F|  |TAMS 0x0000000088f00000, 0x0000000088f00000| Untracked 
|  72|0x0000000089000000, 0x0000000089000000, 0x0000000089100000|  0%| F|  |TAMS 0x0000000089000000, 0x0000000089000000| Untracked 
|  73|0x0000000089100000, 0x0000000089100000, 0x0000000089200000|  0%| F|  |TAMS 0x0000000089100000, 0x0000000089100000| Untracked 
|  74|0x0000000089200000, 0x0000000089200000, 0x0000000089300000|  0%| F|  |TAMS 0x0000000089200000, 0x0000000089200000| Untracked 
|  75|0x0000000089300000, 0x0000000089300000, 0x0000000089400000|  0%| F|  |TAMS 0x0000000089300000, 0x0000000089300000| Untracked 
|  76|0x0000000089400000, 0x0000000089400000, 0x0000000089500000|  0%| F|  |TAMS 0x0000000089400000, 0x0000000089400000| Untracked 
|  77|0x0000000089500000, 0x0000000089500000, 0x0000000089600000|  0%| F|  |TAMS 0x0000000089500000, 0x0000000089500000| Untracked 
|  78|0x0000000089600000, 0x0000000089600000, 0x0000000089700000|  0%| F|  |TAMS 0x0000000089600000, 0x0000000089600000| Untracked 
|  79|0x0000000089700000, 0x0000000089700000, 0x0000000089800000|  0%| F|  |TAMS 0x0000000089700000, 0x0000000089700000| Untracked 
|  80|0x0000000089800000, 0x0000000089800000, 0x0000000089900000|  0%| F|  |TAMS 0x0000000089800000, 0x0000000089800000| Untracked 
|  81|0x0000000089900000, 0x0000000089900000, 0x0000000089a00000|  0%| F|  |TAMS 0x0000000089900000, 0x0000000089900000| Untracked 
|  82|0x0000000089a00000, 0x0000000089a00000, 0x0000000089b00000|  0%| F|  |TAMS 0x0000000089a00000, 0x0000000089a00000| Untracked 
|  83|0x0000000089b00000, 0x0000000089b00000, 0x0000000089c00000|  0%| F|  |TAMS 0x0000000089b00000, 0x0000000089b00000| Untracked 
|  84|0x0000000089c00000, 0x0000000089c00000, 0x0000000089d00000|  0%| F|  |TAMS 0x0000000089c00000, 0x0000000089c00000| Untracked 
|  85|0x0000000089d00000, 0x0000000089d00000, 0x0000000089e00000|  0%| F|  |TAMS 0x0000000089d00000, 0x0000000089d00000| Untracked 
|  86|0x0000000089e00000, 0x0000000089e00000, 0x0000000089f00000|  0%| F|  |TAMS 0x0000000089e00000, 0x0000000089e00000| Untracked 
|  87|0x0000000089f00000, 0x0000000089f00000, 0x000000008a000000|  0%| F|  |TAMS 0x0000000089f00000, 0x0000000089f00000| Untracked 
|  88|0x000000008a000000, 0x000000008a000000, 0x000000008a100000|  0%| F|  |TAMS 0x000000008a000000, 0x000000008a000000| Untracked 
|  89|0x000000008a100000, 0x000000008a100000, 0x000000008a200000|  0%| F|  |TAMS 0x000000008a100000, 0x000000008a100000| Untracked 
|  90|0x000000008a200000, 0x000000008a200000, 0x000000008a300000|  0%| F|  |TAMS 0x000000008a200000, 0x000000008a200000| Untracked 
|  91|0x000000008a300000, 0x000000008a300000, 0x000000008a400000|  0%| F|  |TAMS 0x000000008a300000, 0x000000008a300000| Untracked 
|  92|0x000000008a400000, 0x000000008a400000, 0x000000008a500000|  0%| F|  |TAMS 0x000000008a400000, 0x000000008a400000| Untracked 
|  93|0x000000008a500000, 0x000000008a500000, 0x000000008a600000|  0%| F|  |TAMS 0x000000008a500000, 0x000000008a500000| Untracked 
|  94|0x000000008a600000, 0x000000008a600000, 0x000000008a700000|  0%| F|  |TAMS 0x000000008a600000, 0x000000008a600000| Untracked 
|  95|0x000000008a700000, 0x000000008a700000, 0x000000008a800000|  0%| F|  |TAMS 0x000000008a700000, 0x000000008a700000| Untracked 
|  96|0x000000008a800000, 0x000000008a800000, 0x000000008a900000|  0%| F|  |TAMS 0x000000008a800000, 0x000000008a800000| Untracked 
|  97|0x000000008a900000, 0x000000008a900000, 0x000000008aa00000|  0%| F|  |TAMS 0x000000008a900000, 0x000000008a900000| Untracked 
|  98|0x000000008aa00000, 0x000000008aa00000, 0x000000008ab00000|  0%| F|  |TAMS 0x000000008aa00000, 0x000000008aa00000| Untracked 
|  99|0x000000008ab00000, 0x000000008ab00000, 0x000000008ac00000|  0%| F|  |TAMS 0x000000008ab00000, 0x000000008ab00000| Untracked 
| 100|0x000000008ac00000, 0x000000008ac00000, 0x000000008ad00000|  0%| F|  |TAMS 0x000000008ac00000, 0x000000008ac00000| Untracked 
| 101|0x000000008ad00000, 0x000000008ad00000, 0x000000008ae00000|  0%| F|  |TAMS 0x000000008ad00000, 0x000000008ad00000| Untracked 
| 102|0x000000008ae00000, 0x000000008ae00000, 0x000000008af00000|  0%| F|  |TAMS 0x000000008ae00000, 0x000000008ae00000| Untracked 
| 103|0x000000008af00000, 0x000000008af00000, 0x000000008b000000|  0%| F|  |TAMS 0x000000008af00000, 0x000000008af00000| Untracked 
| 104|0x000000008b000000, 0x000000008b000000, 0x000000008b100000|  0%| F|  |TAMS 0x000000008b000000, 0x000000008b000000| Untracked 
| 105|0x000000008b100000, 0x000000008b100000, 0x000000008b200000|  0%| F|  |TAMS 0x000000008b100000, 0x000000008b100000| Untracked 
| 106|0x000000008b200000, 0x000000008b200000, 0x000000008b300000|  0%| F|  |TAMS 0x000000008b200000, 0x000000008b200000| Untracked 
| 107|0x000000008b300000, 0x000000008b300000, 0x000000008b400000|  0%| F|  |TAMS 0x000000008b300000, 0x000000008b300000| Untracked 
| 108|0x000000008b400000, 0x000000008b400000, 0x000000008b500000|  0%| F|  |TAMS 0x000000008b400000, 0x000000008b400000| Untracked 
| 109|0x000000008b500000, 0x000000008b500000, 0x000000008b600000|  0%| F|  |TAMS 0x000000008b500000, 0x000000008b500000| Untracked 
| 110|0x000000008b600000, 0x000000008b600000, 0x000000008b700000|  0%| F|  |TAMS 0x000000008b600000, 0x000000008b600000| Untracked 
| 111|0x000000008b700000, 0x000000008b700000, 0x000000008b800000|  0%| F|  |TAMS 0x000000008b700000, 0x000000008b700000| Untracked 
| 112|0x000000008b800000, 0x000000008b800000, 0x000000008b900000|  0%| F|  |TAMS 0x000000008b800000, 0x000000008b800000| Untracked 
| 113|0x000000008b900000, 0x000000008b900000, 0x000000008ba00000|  0%| F|  |TAMS 0x000000008b900000, 0x000000008b900000| Untracked 
| 114|0x000000008ba00000, 0x000000008ba00000, 0x000000008bb00000|  0%| F|  |TAMS 0x000000008ba00000, 0x000000008ba00000| Untracked 
| 115|0x000000008bb00000, 0x000000008bb00000, 0x000000008bc00000|  0%| F|  |TAMS 0x000000008bb00000, 0x000000008bb00000| Untracked 
| 116|0x000000008bc00000, 0x000000008bc00000, 0x000000008bd00000|  0%| F|  |TAMS 0x000000008bc00000, 0x000000008bc00000| Untracked 
| 117|0x000000008bd00000, 0x000000008bd00000, 0x000000008be00000|  0%| F|  |TAMS 0x000000008bd00000, 0x000000008bd00000| Untracked 
| 118|0x000000008be00000, 0x000000008be00000, 0x000000008bf00000|  0%| F|  |TAMS 0x000000008be00000, 0x000000008be00000| Untracked 
| 119|0x000000008bf00000, 0x000000008bfef948, 0x000000008c000000| 93%| E|  |TAMS 0x000000008bf00000, 0x000000008bf00000| Complete 
| 120|0x000000008c000000, 0x000000008c100000, 0x000000008c100000|100%| E|CS|TAMS 0x000000008c000000, 0x000000008c000000| Complete 
| 121|0x000000008c100000, 0x000000008c200000, 0x000000008c200000|100%| E|CS|TAMS 0x000000008c100000, 0x000000008c100000| Complete 
| 122|0x000000008c200000, 0x000000008c300000, 0x000000008c300000|100%| E|CS|TAMS 0x000000008c200000, 0x000000008c200000| Complete 
| 123|0x000000008c300000, 0x000000008c400000, 0x000000008c400000|100%| E|CS|TAMS 0x000000008c300000, 0x000000008c300000| Complete 
|1974|0x00000000ffe00000, 0x00000000ffe34000, 0x00000000fff00000| 20%|OA|  |TAMS 0x00000000ffe00000, 0x00000000ffe00000| Untracked 
|1975|0x00000000fff00000, 0x00000000fff6a000, 0x0000000100000000| 41%|CA|  |TAMS 0x00000000fff00000, 0x00000000fff00000| Untracked 

Card table byte_map: [0x00007faf019df000,0x00007faf01dbb000] _byte_map_base: 0x00007faf015bb000

Marking Bits (Prev, Next): (CMBitMap*) 0x00007faefc0524b8, (CMBitMap*) 0x00007faefc0524f0
 Prev Bits: [0x00007faede120000, 0x00007faee0000000)
 Next Bits: [0x00007faedc240000, 0x00007faede120000)

Polling page: 0x00007faf06b07000

Metaspace:

Usage:
  Non-class:      4.42 MB capacity,     2.41 MB ( 54%) used,     2.01 MB ( 45%) free+waste,     2.75 KB ( <1%) overhead. 
      Class:    442.00 KB capacity,   242.93 KB ( 55%) used,   197.57 KB ( 45%) free+waste,     1.50 KB ( <1%) overhead. 
       Both:      4.85 MB capacity,     2.65 MB ( 55%) used,     2.20 MB ( 45%) free+waste,     4.25 KB ( <1%) overhead. 

Virtual space:
  Non-class space:        8.00 MB reserved,       4.50 MB ( 56%) committed 
      Class space:        1.00 GB reserved,     512.00 KB ( <1%) committed 
             Both:        1.01 GB reserved,       5.00 MB ( <1%) committed 

Chunk freelists:
   Non-Class:  51.00 KB
       Class:  6.00 KB
        Both:  57.00 KB

CodeHeap 'non-profiled nmethods': size=120032Kb used=121Kb max_used=121Kb free=119910Kb
 bounds [0x00007faeec41e000, 0x00007faeec68e000, 0x00007faef3956000]
CodeHeap 'profiled nmethods': size=120032Kb used=630Kb max_used=630Kb free=119402Kb
 bounds [0x00007faee4ee6000, 0x00007faee5156000, 0x00007faeec41e000]
CodeHeap 'non-nmethods': size=5696Kb used=1128Kb max_used=1142Kb free=4567Kb
 bounds [0x00007faee4956000, 0x00007faee4bc6000, 0x00007faee4ee6000]
 total_blobs=870 nmethods=415 adapters=273
 compilation: enabled
              stopped_count=0, restarted_count=0
 full_count=0

Compilation events (10 events):
Event: 392.047 Thread 0x00007faefc17c800  411       3       org.eclipse.jdt.launching.internal.org.objectweb.asm.MethodWriter::visitJumpInsn (495 bytes)
Event: 392.050 Thread 0x00007faefc17c800 nmethod 411 0x00007faee4f7d890 code [0x00007faee4f7dc20, 0x00007faee4f7f0e8]
Event: 392.050 Thread 0x00007faefc17c800  413       3       org.eclipse.jdt.launching.internal.org.objectweb.asm.ClassReader::readStackMapFrame (535 bytes)
Event: 392.051 Thread 0x00007faefc17c800 nmethod 413 0x00007faee4f7f910 code [0x00007faee4f7fbe0, 0x00007faee4f80f38]
Event: 392.051 Thread 0x00007faefc17c800  412       3       org.eclipse.jdt.launching.internal.org.objectweb.asm.Label::put (83 bytes)
Event: 392.051 Thread 0x00007faefc17c800 nmethod 412 0x00007faee4f81790 code [0x00007faee4f819c0, 0x00007faee4f81e18]
Event: 412.530 Thread 0x00007faefc17c800  414       3       org.eclipse.jdt.launching.internal.org.objectweb.asm.SymbolTable::addConstantMemberReference (147 bytes)
Event: 412.532 Thread 0x00007faefc17c800 nmethod 414 0x00007faee4f82010 code [0x00007faee4f822a0, 0x00007faee4f82c48]
Event: 442.584 Thread 0x00007faefc17c800  415       3       org.eclipse.jdt.launching.internal.org.objectweb.asm.ByteVector::putByteArray (49 bytes)
Event: 442.586 Thread 0x00007faefc17c800 nmethod 415 0x00007faee4f83210 code [0x00007faee4f833e0, 0x00007faee4f83718]

GC Heap History (0 events):
No events

Deoptimization events (10 events):
Event: 0.225 Thread 0x00007faefc013800 DEOPT PACKING pc=0x00007faee4f4d81f sp=0x00007faf06ae8620
Event: 0.225 Thread 0x00007faefc013800 DEOPT UNPACKING pc=0x00007faee498f03a sp=0x00007faf06ae7b08 mode 0
Event: 0.228 Thread 0x00007faefc013800 DEOPT PACKING pc=0x00007faee4f4d81f sp=0x00007faf06ae85a0
Event: 0.228 Thread 0x00007faefc013800 DEOPT UNPACKING pc=0x00007faee498f03a sp=0x00007faf06ae7a88 mode 0
Event: 0.230 Thread 0x00007faefc013800 DEOPT PACKING pc=0x00007faee4f4d81f sp=0x00007faf06ae8540
Event: 0.230 Thread 0x00007faefc013800 DEOPT UNPACKING pc=0x00007faee498f03a sp=0x00007faf06ae7a28 mode 0
Event: 0.233 Thread 0x00007faefc013800 DEOPT PACKING pc=0x00007faee4f4d81f sp=0x00007faf06ae7010
Event: 0.233 Thread 0x00007faefc013800 DEOPT UNPACKING pc=0x00007faee498f03a sp=0x00007faf06ae64f8 mode 0
Event: 0.233 Thread 0x00007faefc013800 DEOPT PACKING pc=0x00007faee4f4d81f sp=0x00007faf06ae7010
Event: 0.233 Thread 0x00007faefc013800 DEOPT UNPACKING pc=0x00007faee498f03a sp=0x00007faf06ae64f8 mode 0

Classes redefined (10 events):
Event: 264.101 Thread 0x00007faefc16e000 redefined class name=com.bridgelabz.utility.ArraysUtility, count=2
Event: 265.652 Thread 0x00007faefc16e000 redefined class name=com.bridgelabz.utility.ArraysUtility, count=3
Event: 304.281 Thread 0x00007faefc16e000 redefined class name=com.bridgelabz.utility.ArraysUtility, count=4
Event: 338.458 Thread 0x00007faefc16e000 redefined class name=com.bridgelabz.utility.ArraysUtility, count=5
Event: 387.403 Thread 0x00007faefc16e000 redefined class name=com.bridgelabz.arrays.PrimeAnagramRangeTwoDim, count=1
Event: 392.049 Thread 0x00007faefc16e000 redefined class name=com.bridgelabz.arrays.PrimeAnagramRangeTwoDim, count=2
Event: 412.531 Thread 0x00007faefc16e000 redefined class name=com.bridgelabz.arrays.PrimeAnagramRangeTwoDim, count=3
Event: 442.585 Thread 0x00007faefc16e000 redefined class name=com.bridgelabz.arrays.PrimeAnagramRangeTwoDim, count=4
Event: 458.611 Thread 0x00007faefc16e000 redefined class name=com.bridgelabz.arrays.PrimeAnagramRangeTwoDim, count=5
Event: 465.144 Thread 0x00007faefc16e000 redefined class name=com.bridgelabz.arrays.PrimeAnagramRangeTwoDim, count=6

Internal exceptions (0 events):
No events

Events (10 events):
Event: 465.193 Executing VM operation: GetCurrentContendedMonitor done
Event: 471.721 Executing VM operation: GetCurrentContendedMonitor
Event: 471.721 Executing VM operation: GetCurrentContendedMonitor done
Event: 471.722 Executing VM operation: GetOwnedMonitorInfo
Event: 471.722 Executing VM operation: GetOwnedMonitorInfo done
Event: 472.274 Executing VM operation: GetCurrentContendedMonitor
Event: 472.274 Executing VM operation: GetCurrentContendedMonitor done
Event: 472.274 Executing VM operation: GetOwnedMonitorInfo
Event: 472.274 Executing VM operation: GetOwnedMonitorInfo done
Event: 473.036 Executing VM operation: GetOrSetLocal


Dynamic libraries:
84800000-8c400000 rw-p 00000000 00:00 0 
8c400000-ffe00000 ---p 00000000 00:00 0 
ffe00000-ffe34000 rw-p 01116000 08:02 7473208                            /usr/lib/jvm/java-11-openjdk-amd64/lib/server/classes.jsa
ffe34000-fff00000 rw-p 00000000 00:00 0 
fff00000-fff6a000 rw-p 010ac000 08:02 7473208                            /usr/lib/jvm/java-11-openjdk-amd64/lib/server/classes.jsa
fff6a000-100000000 rw-p 00000000 00:00 0 
800000000-800002000 rwxp 00001000 08:02 7473208                          /usr/lib/jvm/java-11-openjdk-amd64/lib/server/classes.jsa
800002000-8010ab000 rw-p 00003000 08:02 7473208                          /usr/lib/jvm/java-11-openjdk-amd64/lib/server/classes.jsa
840000000-840080000 rw-p 00000000 00:00 0 
840080000-880000000 ---p 00000000 00:00 0 
5585572c3000-5585572c4000 r-xp 00000000 08:02 7473202                    /usr/lib/jvm/java-11-openjdk-amd64/bin/java
5585574c4000-5585574c5000 r--p 00001000 08:02 7473202                    /usr/lib/jvm/java-11-openjdk-amd64/bin/java
5585574c5000-5585574c6000 rw-p 00002000 08:02 7473202                    /usr/lib/jvm/java-11-openjdk-amd64/bin/java
558558551000-558558572000 rw-p 00000000 00:00 0                          [heap]
7fae94000000-7fae94021000 rw-p 00000000 00:00 0 
7fae94021000-7fae98000000 ---p 00000000 00:00 0 
7fae98000000-7fae98021000 rw-p 00000000 00:00 0 
7fae98021000-7fae9c000000 ---p 00000000 00:00 0 
7fae9c000000-7fae9c021000 rw-p 00000000 00:00 0 
7fae9c021000-7faea0000000 ---p 00000000 00:00 0 
7faea0000000-7faea0021000 rw-p 00000000 00:00 0 
7faea0021000-7faea4000000 ---p 00000000 00:00 0 
7faea4000000-7faea4021000 rw-p 00000000 00:00 0 
7faea4021000-7faea8000000 ---p 00000000 00:00 0 
7faea8000000-7faea805a000 rw-p 00000000 00:00 0 
7faea805a000-7faeac000000 ---p 00000000 00:00 0 
7faeac000000-7faeac12a000 rw-p 00000000 00:00 0 
7faeac12a000-7faeb0000000 ---p 00000000 00:00 0 
7faeb0000000-7faeb0021000 rw-p 00000000 00:00 0 
7faeb0021000-7faeb4000000 ---p 00000000 00:00 0 
7faeb4000000-7faeb4021000 rw-p 00000000 00:00 0 
7faeb4021000-7faeb8000000 ---p 00000000 00:00 0 
7faeb8000000-7faeb8237000 rw-p 00000000 00:00 0 
7faeb8237000-7faebc000000 ---p 00000000 00:00 0 
7faebc000000-7faebc021000 rw-p 00000000 00:00 0 
7faebc021000-7faec0000000 ---p 00000000 00:00 0 
7faec0000000-7faec0021000 rw-p 00000000 00:00 0 
7faec0021000-7faec4000000 ---p 00000000 00:00 0 
7faec4000000-7faec4021000 rw-p 00000000 00:00 0 
7faec4021000-7faec8000000 ---p 00000000 00:00 0 
7faec8000000-7faec8021000 rw-p 00000000 00:00 0 
7faec8021000-7faecc000000 ---p 00000000 00:00 0 
7faecc000000-7faecc021000 rw-p 00000000 00:00 0 
7faecc021000-7faed0000000 ---p 00000000 00:00 0 
7faed0000000-7faed0021000 rw-p 00000000 00:00 0 
7faed0021000-7faed4000000 ---p 00000000 00:00 0 
7faed5318000-7faed5319000 ---p 00000000 00:00 0 
7faed5319000-7faed541a000 rw-p 00000000 00:00 0 
7faed541a000-7faed5430000 r-xp 00000000 08:02 7478367                    /usr/lib/jvm/java-11-openjdk-amd64/lib/libnet.so
7faed5430000-7faed562f000 ---p 00016000 08:02 7478367                    /usr/lib/jvm/java-11-openjdk-amd64/lib/libnet.so
7faed562f000-7faed5630000 r--p 00015000 08:02 7478367                    /usr/lib/jvm/java-11-openjdk-amd64/lib/libnet.so
7faed5630000-7faed5631000 rw-p 00016000 08:02 7478367                    /usr/lib/jvm/java-11-openjdk-amd64/lib/libnet.so
7faed5631000-7faed6000000 r--p 00000000 08:02 7477876                    /usr/lib/locale/locale-archive
7faed6000000-7faed8000000 rw-p 00000000 00:00 0 
7faed8000000-7faed8021000 rw-p 00000000 00:00 0 
7faed8021000-7faedc000000 ---p 00000000 00:00 0 
7faedc02f000-7faedc03f000 r-xp 00000000 08:02 7478368                    /usr/lib/jvm/java-11-openjdk-amd64/lib/libnio.so
7faedc03f000-7faedc23e000 ---p 00010000 08:02 7478368                    /usr/lib/jvm/java-11-openjdk-amd64/lib/libnio.so
7faedc23e000-7faedc23f000 r--p 0000f000 08:02 7478368                    /usr/lib/jvm/java-11-openjdk-amd64/lib/libnio.so
7faedc23f000-7faedc240000 rw-p 00010000 08:02 7478368                    /usr/lib/jvm/java-11-openjdk-amd64/lib/libnio.so
7faedc240000-7faedc430000 rw-p 00000000 00:00 0 
7faedc430000-7faede118000 ---p 00000000 00:00 0 
7faede118000-7faede310000 rw-p 00000000 00:00 0 
7faede310000-7faedfff8000 ---p 00000000 00:00 0 
7faedfff8000-7faee0000000 rw-p 00000000 00:00 0 
7faee0000000-7faee0021000 rw-p 00000000 00:00 0 
7faee0021000-7faee4000000 ---p 00000000 00:00 0 
7faee4049000-7faee404d000 ---p 00000000 00:00 0 
7faee404d000-7faee414a000 rw-p 00000000 00:00 0 
7faee414a000-7faee414e000 ---p 00000000 00:00 0 
7faee414e000-7faee424b000 rw-p 00000000 00:00 0 
7faee424b000-7faee424f000 ---p 00000000 00:00 0 
7faee424f000-7faee434c000 rw-p 00000000 00:00 0 
7faee434c000-7faee4350000 ---p 00000000 00:00 0 
7faee4350000-7faee444d000 rw-p 00000000 00:00 0 
7faee444d000-7faee4451000 r-xp 00000000 08:02 7478347                    /usr/lib/jvm/java-11-openjdk-amd64/lib/libdt_socket.so
7faee4451000-7faee4651000 ---p 00004000 08:02 7478347                    /usr/lib/jvm/java-11-openjdk-amd64/lib/libdt_socket.so
7faee4651000-7faee4652000 r--p 00004000 08:02 7478347                    /usr/lib/jvm/java-11-openjdk-amd64/lib/libdt_socket.so
7faee4652000-7faee4653000 rw-p 00005000 08:02 7478347                    /usr/lib/jvm/java-11-openjdk-amd64/lib/libdt_socket.so
7faee4653000-7faee4657000 ---p 00000000 00:00 0 
7faee4657000-7faee4754000 rw-p 00000000 00:00 0 
7faee4754000-7faee4758000 ---p 00000000 00:00 0 
7faee4758000-7faee4855000 rw-p 00000000 00:00 0 
7faee4855000-7faee4859000 ---p 00000000 00:00 0 
7faee4859000-7faee4956000 rw-p 00000000 00:00 0 
7faee4956000-7faee4bc6000 rwxp 00000000 00:00 0 
7faee4bc6000-7faee4ee6000 ---p 00000000 00:00 0 
7faee4ee6000-7faee5156000 rwxp 00000000 00:00 0 
7faee5156000-7faeec41e000 ---p 00000000 00:00 0 
7faeec41e000-7faeec68e000 rwxp 00000000 00:00 0 
7faeec68e000-7faef3956000 ---p 00000000 00:00 0 
7faef3956000-7faefc000000 r--s 00000000 08:02 7478377                    /usr/lib/jvm/java-11-openjdk-amd64/lib/modules
7faefc000000-7faefc32d000 rw-p 00000000 00:00 0 
7faefc32d000-7faf00000000 ---p 00000000 00:00 0 
7faf00070000-7faf00074000 ---p 00000000 00:00 0 
7faf00074000-7faf00171000 rw-p 00000000 00:00 0 
7faf00171000-7faf00175000 ---p 00000000 00:00 0 
7faf00175000-7faf00272000 rw-p 00000000 00:00 0 
7faf00272000-7faf00276000 ---p 00000000 00:00 0 
7faf00276000-7faf00373000 rw-p 00000000 00:00 0 
7faf00373000-7faf00377000 ---p 00000000 00:00 0 
7faf00377000-7faf00474000 rw-p 00000000 00:00 0 
7faf00474000-7faf00475000 ---p 00000000 00:00 0 
7faf00475000-7faf00a77000 rw-p 00000000 00:00 0 
7faf00a77000-7faf00df7000 ---p 00000000 00:00 0 
7faf00df7000-7faf00df8000 ---p 00000000 00:00 0 
7faf00df8000-7faf00ef9000 rw-p 00000000 00:00 0 
7faf00ef9000-7faf00efa000 ---p 00000000 00:00 0 
7faf00efa000-7faf013ff000 rw-p 00000000 00:00 0 
7faf013ff000-7faf01400000 ---p 00000000 00:00 0 
7faf01400000-7faf01501000 rw-p 00000000 00:00 0 
7faf01501000-7faf01502000 ---p 00000000 00:00 0 
7faf01502000-7faf01641000 rw-p 00000000 00:00 0 
7faf01641000-7faf019de000 ---p 00000000 00:00 0 
7faf019de000-7faf01a1d000 rw-p 00000000 00:00 0 
7faf01a1d000-7faf01dba000 ---p 00000000 00:00 0 
7faf01dba000-7faf01df9000 rw-p 00000000 00:00 0 
7faf01df9000-7faf02196000 ---p 00000000 00:00 0 
7faf02196000-7faf0259b000 rw-p 00000000 00:00 0 
7faf0259b000-7faf0259c000 ---p 00000000 00:00 0 
7faf0259c000-7faf026a2000 rw-p 00000000 00:00 0 
7faf026a2000-7faf02788000 ---p 00000000 00:00 0 
7faf02788000-7faf0278d000 rw-p 00000000 00:00 0 
7faf0278d000-7faf02873000 ---p 00000000 00:00 0 
7faf02873000-7faf02878000 r-xp 00000000 08:02 7478359                    /usr/lib/jvm/java-11-openjdk-amd64/lib/libjimage.so
7faf02878000-7faf02a77000 ---p 00005000 08:02 7478359                    /usr/lib/jvm/java-11-openjdk-amd64/lib/libjimage.so
7faf02a77000-7faf02a78000 r--p 00004000 08:02 7478359                    /usr/lib/jvm/java-11-openjdk-amd64/lib/libjimage.so
7faf02a78000-7faf02a79000 rw-p 00005000 08:02 7478359                    /usr/lib/jvm/java-11-openjdk-amd64/lib/libjimage.so
7faf02a79000-7faf02a80000 r-xp 00000000 08:02 7478376                    /usr/lib/jvm/java-11-openjdk-amd64/lib/libzip.so
7faf02a80000-7faf02c7f000 ---p 00007000 08:02 7478376                    /usr/lib/jvm/java-11-openjdk-amd64/lib/libzip.so
7faf02c7f000-7faf02c80000 r--p 00006000 08:02 7478376                    /usr/lib/jvm/java-11-openjdk-amd64/lib/libzip.so
7faf02c80000-7faf02c81000 rw-p 00007000 08:02 7478376                    /usr/lib/jvm/java-11-openjdk-amd64/lib/libzip.so
7faf02c81000-7faf02c8c000 r-xp 00000000 08:02 7738093                    /lib/x86_64-linux-gnu/libnss_files-2.27.so
7faf02c8c000-7faf02e8b000 ---p 0000b000 08:02 7738093                    /lib/x86_64-linux-gnu/libnss_files-2.27.so
7faf02e8b000-7faf02e8c000 r--p 0000a000 08:02 7738093                    /lib/x86_64-linux-gnu/libnss_files-2.27.so
7faf02e8c000-7faf02e8d000 rw-p 0000b000 08:02 7738093                    /lib/x86_64-linux-gnu/libnss_files-2.27.so
7faf02e8d000-7faf02e93000 rw-p 00000000 00:00 0 
7faf02e93000-7faf02eaa000 r-xp 00000000 08:02 7738087                    /lib/x86_64-linux-gnu/libnsl-2.27.so
7faf02eaa000-7faf030a9000 ---p 00017000 08:02 7738087                    /lib/x86_64-linux-gnu/libnsl-2.27.so
7faf030a9000-7faf030aa000 r--p 00016000 08:02 7738087                    /lib/x86_64-linux-gnu/libnsl-2.27.so
7faf030aa000-7faf030ab000 rw-p 00017000 08:02 7738087                    /lib/x86_64-linux-gnu/libnsl-2.27.so
7faf030ab000-7faf030ad000 rw-p 00000000 00:00 0 
7faf030ad000-7faf030b8000 r-xp 00000000 08:02 7738104                    /lib/x86_64-linux-gnu/libnss_nis-2.27.so
7faf030b8000-7faf032b7000 ---p 0000b000 08:02 7738104                    /lib/x86_64-linux-gnu/libnss_nis-2.27.so
7faf032b7000-7faf032b8000 r--p 0000a000 08:02 7738104                    /lib/x86_64-linux-gnu/libnss_nis-2.27.so
7faf032b8000-7faf032b9000 rw-p 0000b000 08:02 7738104                    /lib/x86_64-linux-gnu/libnss_nis-2.27.so
7faf032b9000-7faf032c1000 r-xp 00000000 08:02 7738089                    /lib/x86_64-linux-gnu/libnss_compat-2.27.so
7faf032c1000-7faf034c1000 ---p 00008000 08:02 7738089                    /lib/x86_64-linux-gnu/libnss_compat-2.27.so
7faf034c1000-7faf034c2000 r--p 00008000 08:02 7738089                    /lib/x86_64-linux-gnu/libnss_compat-2.27.so
7faf034c2000-7faf034c3000 rw-p 00009000 08:02 7738089                    /lib/x86_64-linux-gnu/libnss_compat-2.27.so
7faf034c3000-7faf034cd000 r-xp 00000000 08:02 7478350                    /usr/lib/jvm/java-11-openjdk-amd64/lib/libinstrument.so
7faf034cd000-7faf036cc000 ---p 0000a000 08:02 7478350                    /usr/lib/jvm/java-11-openjdk-amd64/lib/libinstrument.so
7faf036cc000-7faf036cd000 r--p 00009000 08:02 7478350                    /usr/lib/jvm/java-11-openjdk-amd64/lib/libinstrument.so
7faf036cd000-7faf036ce000 rw-p 0000a000 08:02 7478350                    /usr/lib/jvm/java-11-openjdk-amd64/lib/libinstrument.so
7faf036ce000-7faf03709000 r-xp 00000000 08:02 7478358                    /usr/lib/jvm/java-11-openjdk-amd64/lib/libjdwp.so
7faf03709000-7faf03908000 ---p 0003b000 08:02 7478358                    /usr/lib/jvm/java-11-openjdk-amd64/lib/libjdwp.so
7faf03908000-7faf03909000 r--p 0003a000 08:02 7478358                    /usr/lib/jvm/java-11-openjdk-amd64/lib/libjdwp.so
7faf03909000-7faf0390a000 rw-p 0003b000 08:02 7478358                    /usr/lib/jvm/java-11-openjdk-amd64/lib/libjdwp.so
7faf0390a000-7faf03933000 r-xp 00000000 08:02 7478355                    /usr/lib/jvm/java-11-openjdk-amd64/lib/libjava.so
7faf03933000-7faf03b32000 ---p 00029000 08:02 7478355                    /usr/lib/jvm/java-11-openjdk-amd64/lib/libjava.so
7faf03b32000-7faf03b33000 r--p 00028000 08:02 7478355                    /usr/lib/jvm/java-11-openjdk-amd64/lib/libjava.so
7faf03b33000-7faf03b35000 rw-p 00029000 08:02 7478355                    /usr/lib/jvm/java-11-openjdk-amd64/lib/libjava.so
7faf03b35000-7faf03b42000 r-xp 00000000 08:02 7478375                    /usr/lib/jvm/java-11-openjdk-amd64/lib/libverify.so
7faf03b42000-7faf03d41000 ---p 0000d000 08:02 7478375                    /usr/lib/jvm/java-11-openjdk-amd64/lib/libverify.so
7faf03d41000-7faf03d43000 r--p 0000c000 08:02 7478375                    /usr/lib/jvm/java-11-openjdk-amd64/lib/libverify.so
7faf03d43000-7faf03d44000 rw-p 0000e000 08:02 7478375                    /usr/lib/jvm/java-11-openjdk-amd64/lib/libverify.so
7faf03d44000-7faf03d4b000 r-xp 00000000 08:02 7738144                    /lib/x86_64-linux-gnu/librt-2.27.so
7faf03d4b000-7faf03f4a000 ---p 00007000 08:02 7738144                    /lib/x86_64-linux-gnu/librt-2.27.so
7faf03f4a000-7faf03f4b000 r--p 00006000 08:02 7738144                    /lib/x86_64-linux-gnu/librt-2.27.so
7faf03f4b000-7faf03f4c000 rw-p 00007000 08:02 7738144                    /lib/x86_64-linux-gnu/librt-2.27.so
7faf03f4c000-7faf03f63000 r-xp 00000000 08:02 7733329                    /lib/x86_64-linux-gnu/libgcc_s.so.1
7faf03f63000-7faf04162000 ---p 00017000 08:02 7733329                    /lib/x86_64-linux-gnu/libgcc_s.so.1
7faf04162000-7faf04163000 r--p 00016000 08:02 7733329                    /lib/x86_64-linux-gnu/libgcc_s.so.1
7faf04163000-7faf04164000 rw-p 00017000 08:02 7733329                    /lib/x86_64-linux-gnu/libgcc_s.so.1
7faf04164000-7faf04301000 r-xp 00000000 08:02 7738066                    /lib/x86_64-linux-gnu/libm-2.27.so
7faf04301000-7faf04500000 ---p 0019d000 08:02 7738066                    /lib/x86_64-linux-gnu/libm-2.27.so
7faf04500000-7faf04501000 r--p 0019c000 08:02 7738066                    /lib/x86_64-linux-gnu/libm-2.27.so
7faf04501000-7faf04502000 rw-p 0019d000 08:02 7738066                    /lib/x86_64-linux-gnu/libm-2.27.so
7faf04502000-7faf0467b000 r-xp 00000000 08:02 7473646                    /usr/lib/x86_64-linux-gnu/libstdc++.so.6.0.25
7faf0467b000-7faf0487b000 ---p 00179000 08:02 7473646                    /usr/lib/x86_64-linux-gnu/libstdc++.so.6.0.25
7faf0487b000-7faf04885000 r--p 00179000 08:02 7473646                    /usr/lib/x86_64-linux-gnu/libstdc++.so.6.0.25
7faf04885000-7faf04887000 rw-p 00183000 08:02 7473646                    /usr/lib/x86_64-linux-gnu/libstdc++.so.6.0.25
7faf04887000-7faf0488b000 rw-p 00000000 00:00 0 
7faf0488b000-7faf05957000 r-xp 00000000 08:02 7478380                    /usr/lib/jvm/java-11-openjdk-amd64/lib/server/libjvm.so
7faf05957000-7faf05b56000 ---p 010cc000 08:02 7478380                    /usr/lib/jvm/java-11-openjdk-amd64/lib/server/libjvm.so
7faf05b56000-7faf05c13000 r--p 010cb000 08:02 7478380                    /usr/lib/jvm/java-11-openjdk-amd64/lib/server/libjvm.so
7faf05c13000-7faf05c4c000 rw-p 01188000 08:02 7478380                    /usr/lib/jvm/java-11-openjdk-amd64/lib/server/libjvm.so
7faf05c4c000-7faf05ca2000 rw-p 00000000 00:00 0 
7faf05ca2000-7faf05cbc000 r-xp 00000000 08:02 7738136                    /lib/x86_64-linux-gnu/libpthread-2.27.so
7faf05cbc000-7faf05ebb000 ---p 0001a000 08:02 7738136                    /lib/x86_64-linux-gnu/libpthread-2.27.so
7faf05ebb000-7faf05ebc000 r--p 00019000 08:02 7738136                    /lib/x86_64-linux-gnu/libpthread-2.27.so
7faf05ebc000-7faf05ebd000 rw-p 0001a000 08:02 7738136                    /lib/x86_64-linux-gnu/libpthread-2.27.so
7faf05ebd000-7faf05ec1000 rw-p 00000000 00:00 0 
7faf05ec1000-7faf05ec4000 r-xp 00000000 08:02 7738026                    /lib/x86_64-linux-gnu/libdl-2.27.so
7faf05ec4000-7faf060c3000 ---p 00003000 08:02 7738026                    /lib/x86_64-linux-gnu/libdl-2.27.so
7faf060c3000-7faf060c4000 r--p 00002000 08:02 7738026                    /lib/x86_64-linux-gnu/libdl-2.27.so
7faf060c4000-7faf060c5000 rw-p 00003000 08:02 7738026                    /lib/x86_64-linux-gnu/libdl-2.27.so
7faf060c5000-7faf060e1000 r-xp 00000000 08:02 7738175                    /lib/x86_64-linux-gnu/libz.so.1.2.11
7faf060e1000-7faf062e0000 ---p 0001c000 08:02 7738175                    /lib/x86_64-linux-gnu/libz.so.1.2.11
7faf062e0000-7faf062e1000 r--p 0001b000 08:02 7738175                    /lib/x86_64-linux-gnu/libz.so.1.2.11
7faf062e1000-7faf062e2000 rw-p 0001c000 08:02 7738175                    /lib/x86_64-linux-gnu/libz.so.1.2.11
7faf062e2000-7faf064c9000 r-xp 00000000 08:02 7738003                    /lib/x86_64-linux-gnu/libc-2.27.so
7faf064c9000-7faf066c9000 ---p 001e7000 08:02 7738003                    /lib/x86_64-linux-gnu/libc-2.27.so
7faf066c9000-7faf066cd000 r--p 001e7000 08:02 7738003                    /lib/x86_64-linux-gnu/libc-2.27.so
7faf066cd000-7faf066cf000 rw-p 001eb000 08:02 7738003                    /lib/x86_64-linux-gnu/libc-2.27.so
7faf066cf000-7faf066d3000 rw-p 00000000 00:00 0 
7faf066d3000-7faf066e3000 r-xp 00000000 08:02 7478301                    /usr/lib/jvm/java-11-openjdk-amd64/lib/jli/libjli.so
7faf066e3000-7faf068e2000 ---p 00010000 08:02 7478301                    /usr/lib/jvm/java-11-openjdk-amd64/lib/jli/libjli.so
7faf068e2000-7faf068e3000 r--p 0000f000 08:02 7478301                    /usr/lib/jvm/java-11-openjdk-amd64/lib/jli/libjli.so
7faf068e3000-7faf068e4000 rw-p 00010000 08:02 7478301                    /usr/lib/jvm/java-11-openjdk-amd64/lib/jli/libjli.so
7faf068e4000-7faf0690b000 r-xp 00000000 08:02 7737975                    /lib/x86_64-linux-gnu/ld-2.27.so
7faf06948000-7faf0694f000 r--s 00000000 08:02 8127655                    /usr/lib/x86_64-linux-gnu/gconv/gconv-modules.cache
7faf0694f000-7faf069ec000 rw-p 00000000 00:00 0 
7faf069ec000-7faf069f0000 ---p 00000000 00:00 0 
7faf069f0000-7faf06aef000 rw-p 00000000 00:00 0 
7faf06af1000-7faf06af6000 rw-p 00000000 00:00 0 
7faf06af6000-7faf06afd000 ---p 00000000 00:00 0 
7faf06afd000-7faf06aff000 r--s 00007000 08:02 8263603                    /usr/share/java/java-atk-wrapper.jar
7faf06aff000-7faf06b07000 rw-s 00000000 08:02 18088232                   /tmp/hsperfdata_slot2/1883
7faf06b07000-7faf06b08000 ---p 00000000 00:00 0 
7faf06b08000-7faf06b09000 r--p 00000000 00:00 0 
7faf06b09000-7faf06b0b000 rw-p 00000000 00:00 0 
7faf06b0b000-7faf06b0c000 r--p 00027000 08:02 7737975                    /lib/x86_64-linux-gnu/ld-2.27.so
7faf06b0c000-7faf06b0d000 rw-p 00028000 08:02 7737975                    /lib/x86_64-linux-gnu/ld-2.27.so
7faf06b0d000-7faf06b0e000 rw-p 00000000 00:00 0 
7fff522d8000-7fff522f9000 rw-p 00000000 00:00 0                          [stack]
7fff523a3000-7fff523a6000 r--p 00000000 00:00 0                          [vvar]
7fff523a6000-7fff523a8000 r-xp 00000000 00:00 0                          [vdso]
ffffffffff600000-ffffffffff601000 r-xp 00000000 00:00 0                  [vsyscall]


VM Arguments:
jvm_args: -agentlib:jdwp=transport=dt_socket,suspend=y,address=localhost:40435 -javaagent:/home/slot2/.eclipse/360744294_linux_gtk_x86_64/configuration/org.eclipse.osgi/219/0/.cp/lib/javaagent-shaded.jar -Dfile.encoding=UTF-8 
java_command: com.bridgelabz.arrays.PrimeAnagramRangeTwoDim
java_class_path (initial): /home/slot2/eclipse-workspace/Bridge_Labz_Section_C1/bin
Launcher Type: SUN_STANDARD

[Global flags]
     intx CICompilerCount                          = 3                                         {product} {ergonomic}
     uint ConcGCThreads                            = 1                                         {product} {ergonomic}
     uint G1ConcRefinementThreads                  = 4                                         {product} {ergonomic}
   size_t G1HeapRegionSize                         = 1048576                                   {product} {ergonomic}
    uintx GCDrainStackTargetSize                   = 64                                        {product} {ergonomic}
   size_t InitialHeapSize                          = 130023424                                 {product} {ergonomic}
   size_t MarkStackSize                            = 4194304                                   {product} {ergonomic}
   size_t MaxHeapSize                              = 2071986176                                {product} {ergonomic}
   size_t MaxNewSize                               = 1242562560                                {product} {ergonomic}
   size_t MinHeapDeltaBytes                        = 1048576                                   {product} {ergonomic}
    uintx NonNMethodCodeHeapSize                   = 5830092                                {pd product} {ergonomic}
    uintx NonProfiledCodeHeapSize                  = 122914074                              {pd product} {ergonomic}
    uintx ProfiledCodeHeapSize                     = 122914074                              {pd product} {ergonomic}
    uintx ReservedCodeCacheSize                    = 251658240                              {pd product} {ergonomic}
     bool SegmentedCodeCache                       = true                                      {product} {ergonomic}
     bool UseCompressedClassPointers               = true                                 {lp64_product} {ergonomic}
     bool UseCompressedOops                        = true                                 {lp64_product} {ergonomic}
     bool UseG1GC                                  = true                                      {product} {ergonomic}

Logging:
Log output configuration:
 #0: stdout all=warning uptime,level,tags
 #1: stderr all=off uptime,level,tags

Environment Variables:
PATH=/usr/local/sbin:/usr/local/bin:/usr/sbin:/usr/bin:/sbin:/bin:/usr/games:/usr/local/games:/snap/bin
USERNAME=slot2
SHELL=/bin/bash
DISPLAY=:0

Signal Handlers:
SIGSEGV: [libjvm.so+0xde5f50], sa_mask[0]=11111111011111111101111111111110, sa_flags=SA_RESTART|SA_SIGINFO
SIGBUS: [libjvm.so+0xde5f50], sa_mask[0]=11111111011111111101111111111110, sa_flags=SA_RESTART|SA_SIGINFO
SIGFPE: [libjvm.so+0xde5f50], sa_mask[0]=11111111011111111101111111111110, sa_flags=SA_RESTART|SA_SIGINFO
SIGPIPE: [libjvm.so+0xbba5b0], sa_mask[0]=11111111011111111101111111111110, sa_flags=SA_RESTART|SA_SIGINFO
SIGXFSZ: [libjvm.so+0xbba5b0], sa_mask[0]=11111111011111111101111111111110, sa_flags=SA_RESTART|SA_SIGINFO
SIGILL: [libjvm.so+0xde5f50], sa_mask[0]=11111111011111111101111111111110, sa_flags=SA_RESTART|SA_SIGINFO
SIGUSR2: [libjvm.so+0xbba450], sa_mask[0]=00100000000000000000000000000000, sa_flags=SA_RESTART|SA_SIGINFO
SIGHUP: [libjvm.so+0xbba7b0], sa_mask[0]=11111111011111111101111111111110, sa_flags=SA_RESTART|SA_SIGINFO
SIGINT: [libjvm.so+0xbba7b0], sa_mask[0]=11111111011111111101111111111110, sa_flags=SA_RESTART|SA_SIGINFO
SIGTERM: [libjvm.so+0xbba7b0], sa_mask[0]=11111111011111111101111111111110, sa_flags=SA_RESTART|SA_SIGINFO
SIGQUIT: [libjvm.so+0xbba7b0], sa_mask[0]=11111111011111111101111111111110, sa_flags=SA_RESTART|SA_SIGINFO


---------------  S Y S T E M  ---------------

OS:DISTRIB_ID=Ubuntu
DISTRIB_RELEASE=18.04
DISTRIB_CODENAME=bionic
DISTRIB_DESCRIPTION="Ubuntu 18.04.2 LTS"
uname:Linux 4.15.0-58-generic #64-Ubuntu SMP Tue Aug 6 11:12:41 UTC 2019 x86_64
libc:glibc 2.27 NPTL 2.27 
rlimit: STACK 8192k, CORE 0k, NPROC 30694, NOFILE 1048576, AS infinity, DATA infinity, FSIZE infinity
load average:0.97 1.27 1.06

/proc/meminfo:
MemTotal:        8090704 kB
MemFree:          142660 kB
MemAvailable:     679424 kB
Buffers:          113228 kB
Cached:          1063016 kB
SwapCached:            0 kB
Active:          6314112 kB
Inactive:        1210676 kB
Active(anon):    5959328 kB
Inactive(anon):   875564 kB
Active(file):     354784 kB
Inactive(file):   335112 kB
Unevictable:          64 kB
Mlocked:              64 kB
SwapTotal:       2097148 kB
SwapFree:        2095600 kB
Dirty:               508 kB
Writeback:             0 kB
AnonPages:       6348716 kB
Mapped:           674176 kB
Shmem:            487228 kB
Slab:             208520 kB
SReclaimable:     131828 kB
SUnreclaim:        76692 kB
KernelStack:       21136 kB
PageTables:       104520 kB
NFS_Unstable:          0 kB
Bounce:                0 kB
WritebackTmp:          0 kB
CommitLimit:     6142500 kB
Committed_AS:   16557608 kB
VmallocTotal:   34359738367 kB
VmallocUsed:           0 kB
VmallocChunk:          0 kB
HardwareCorrupted:     0 kB
AnonHugePages:         0 kB
ShmemHugePages:        0 kB
ShmemPmdMapped:        0 kB
CmaTotal:              0 kB
CmaFree:               0 kB
HugePages_Total:       0
HugePages_Free:        0
HugePages_Rsvd:        0
HugePages_Surp:        0
Hugepagesize:       2048 kB
DirectMap4k:      330644 kB
DirectMap2M:     6932480 kB
DirectMap1G:     2097152 kB


/proc/sys/kernel/threads-max (system-wide limit on the number of threads):
61389


/proc/sys/vm/max_map_count (maximum number of memory map areas a process may have):
262144


/proc/sys/kernel/pid_max (system-wide limit on number of process identifiers):
32768



container (cgroup) information:
container_type: cgroupv1
cpu_cpuset_cpus: 0-3
cpu_memory_nodes: 0
active_processor_count: 4
cpu_quota: -1
cpu_period: 100000
cpu_shares: -1
memory_limit_in_bytes: -1
memory_and_swap_limit_in_bytes: -2
memory_soft_limit_in_bytes: -1
memory_usage_in_bytes: 7705595904
memory_max_usage_in_bytes: 0

Steal ticks since vm start: 0
Steal ticks percentage since vm start:  0.000

CPU:total 4 (initial active 4) (4 cores per cpu, 1 threads per core) family 6 model 60 stepping 3, cmov, cx8, fxsr, mmx, sse, sse2, sse3, ssse3, sse4.1, sse4.2, popcnt, avx, avx2, aes, clmul, erms, lzcnt, tsc, tscinvbit, bmi1, bmi2, fma
CPU Model and flags from /proc/cpuinfo:
model name	: Intel(R) Core(TM) i5-4570 CPU @ 3.20GHz
flags		: fpu vme de pse tsc msr pae mce cx8 apic sep mtrr pge mca cmov pat pse36 clflush dts acpi mmx fxsr sse sse2 ss ht tm pbe syscall nx pdpe1gb rdtscp lm constant_tsc arch_perfmon pebs bts rep_good nopl xtopology nonstop_tsc cpuid aperfmperf pni pclmulqdq dtes64 monitor ds_cpl vmx smx est tm2 ssse3 sdbg fma cx16 xtpr pdcm pcid sse4_1 sse4_2 x2apic movbe popcnt tsc_deadline_timer aes xsave avx f16c rdrand lahf_lm abm cpuid_fault epb invpcid_single pti ssbd ibrs ibpb stibp tpr_shadow vnmi flexpriority ept vpid fsgsbase tsc_adjust bmi1 avx2 smep bmi2 erms invpcid xsaveopt dtherm ida arat pln pts md_clear flush_l1d

Memory: 4k page, physical 8090704k(142660k free), swap 2097148k(2095600k free)

vm_info: OpenJDK 64-Bit Server VM (11.0.4+11-post-Ubuntu-1ubuntu218.04.3) for linux-amd64 JRE (11.0.4+11-post-Ubuntu-1ubuntu218.04.3), built on Jul 18 2019 18:21:46 by "buildd" with gcc 7.4.0

END.
